<?xml version="1.0" encoding="UTF-8"?>
<!-- Generated by org.testng.reporters.JUnitReportReporter -->
<testsuite hostname="DESKTOP-6OD3ENG" failures="0" tests="3" name="TestNG.RestAssuredTest" time="6.731" errors="0" timestamp="2023-07-19T09:23:33 IST" skipped="0">
  <testcase classname="TestNG.RestAssuredTest" name="SignUpTest" time="4.323"/>
  <system-out/>
  <testcase classname="TestNG.RestAssuredTest" name="SignInTest" time="1.452"/>
  <system-out/>
  <testcase classname="TestNG.RestAssuredTest" name="SignInTest" time="0.956"/>
  <system-out/>
</testsuite> <!-- TestNG.RestAssuredTest -->
