<?xml version="1.0" encoding="UTF-8"?>
<!-- Generated by org.testng.reporters.JUnitReportReporter -->
<testsuite hostname="DESKTOP-6OD3ENG" failures="0" tests="2" name="TestNG.RestAssuredTest" time="6.771" errors="0" timestamp="2023-07-15T22:44:25 IST" skipped="0">
  <testcase classname="TestNG.RestAssuredTest" name="SignUpTest" time="5.232"/>
  <system-out/>
  <testcase classname="TestNG.RestAssuredTest" name="SignInTest" time="1.539"/>
  <system-out/>
</testsuite> <!-- TestNG.RestAssuredTest -->
